2014-05-10 04:44:47	INFO	casa::::casa	---
2014-05-10 04:44:47	INFO	casa::::casa	CASA Version 4.0.1 (release r22889)
2014-05-10 04:44:47	INFO	casa::::casa	  Tagged on: Tue, 12 Feb 2013
2014-05-10 04:44:48	INFO	viewer::::casa	
2014-05-10 04:44:48	INFO	viewer::::casa+	##########################################
2014-05-10 04:44:48	INFO	viewer::::casa+	##### Begin Task: viewer             #####
2014-05-10 04:44:48	INFO	viewer::::casa	viewer(infile="",displaytype="raster",channel=0,zoom=1,
2014-05-10 04:44:48	INFO	viewer::::casa+	        outfile="",outscale=1.0,outdpi=300,outformat="jpg",outlandscape=False,
2014-05-10 04:44:48	INFO	viewer::::casa+	        gui=True)
2014-05-10 04:44:48	INFO	viewer::::casa	##### End Task: viewer               #####
2014-05-10 04:44:48	INFO	viewer::::casa+	##########################################
2014-05-10 04:44:57	WARN	CASA::Viewer	currently only supports rectangle, ellipse, symbol (somewhat), and polygon region shapes
2014-05-10 04:44:57	INFO	RegionTextParser::_determineVersion	Found spec version 0
2014-05-10 04:44:57	SEVERE	AsciiRegionFileParser::_parse	/Users/nkern/Desktop/Research/Serpens_South/Gauss_Fitting/CASA_gaussians.txt line# 2: AnnotationBase::_directionFromQuantities: Error converting direction (-82.4385 , -2.02436 ) to MDirection: Quantum::cos illegal unit type ''
2014-05-10 04:48:12	INFO	RegionTextParser::_determineVersion	Found spec version 0
2014-05-10 04:48:12	SEVERE	AsciiRegionFileParser::_parse	/Users/nkern/Desktop/Research/Serpens_South/Gauss_Fitting/CASA_gaussians.txt line# 2: AnnotationBase::_directionFromQuantities: Error converting direction (-82.439 , -2.024 ) to MDirection: Quantum::cos illegal unit type ''
2014-05-10 04:49:28	INFO	RegionTextParser::_determineVersion	Found spec version 0
2014-05-10 04:49:28	SEVERE	AsciiRegionFileParser::_parse	/Users/nkern/Desktop/Research/Serpens_South/Gauss_Fitting/CASA_gaussians.txt line# 2: AnnotationBase::_directionFromQuantities: Error converting direction (-82.439 , -2.024 ) to MDirection: Quantum::cos illegal unit type ''
2014-05-10 04:50:19	INFO	RegionTextParser::_determineVersion	Found spec version 0
2014-05-10 04:50:19	SEVERE	AsciiRegionFileParser::_parse	/Users/nkern/Desktop/Research/Serpens_South/Gauss_Fitting/CASA_gaussians.txt line# 2: AnnotationBase::_directionFromQuantities: Error converting direction (277.561 , -2.024 ) to MDirection: Quantum::cos illegal unit type ''
2014-05-10 05:01:25	INFO	viewer::::casa	
2014-05-10 05:01:25	INFO	viewer::::casa+	##########################################
2014-05-10 05:01:25	INFO	viewer::::casa+	##### Begin Task: viewer             #####
2014-05-10 05:01:25	INFO	viewer::::casa	viewer(infile="",displaytype="raster",channel=0,zoom=1,
2014-05-10 05:01:25	INFO	viewer::::casa+	        outfile="",outscale=1.0,outdpi=300,outformat="jpg",outlandscape=False,
2014-05-10 05:01:25	INFO	viewer::::casa+	        gui=True)
2014-05-10 05:01:25	INFO	viewer::::casa	##### End Task: viewer               #####
2014-05-10 05:01:25	INFO	viewer::::casa+	##########################################
