#log# Automatic Logger file. *** THIS MUST BE THE FIRST LINE ***
#log# DO NOT CHANGE THIS LINE OR THE TWO BELOW -* coding: US-ASCII *-
#log# opts = Struct({'__allownew': True,
 'autocall': 2,
 'banner': 0,
 'colors': 'LightBG',
 'ipythondir': '/Users/nkern/.casa/ipython',
 'logfile': 'ipython-20140510-044447.log',
 'messages': 0,
 'prompt_in1': 'CASA <\\#>: '})
#log# args = []
#log# It is safe to make manual edits below here.
#log#-----------------------------------------------------------------------
execfile("/Applications/CASA.app/Contents/Resources/python/assignmentFilter.py")
viewer()
ra
flux,flux_err,ra,dec,ra_err,dec_err,bmaj,bmin,pos_angle,rms=np.loadtxt('Final_Fit_Results.txt',usecols=(1,2,3,4,5,6,7,8,9,10),unpack=True)
import numpy as np
flux,flux_err,ra,dec,ra_err,dec_err,bmaj,bmin,pos_angle,rms=np.loadtxt('Final_Fit_Results.txt',usecols=(1,2,3,4,5,6,7,8,9,10),unpack=True)
ra[0]
360+ra[0]
viewer()
