#log# Automatic Logger file. *** THIS MUST BE THE FIRST LINE ***
#log# DO NOT CHANGE THIS LINE OR THE TWO BELOW -* coding: US-ASCII *-
#log# opts = Struct({'__allownew': True,
 'autocall': 2,
 'banner': 0,
 'colors': 'LightBG',
 'ipythondir': '/Users/nkern/.casa/ipython',
 'logfile': 'ipython-20140509-144151.log',
 'messages': 0,
 'prompt_in1': 'CASA <\\#>: '})
#log# args = []
#log# It is safe to make manual edits below here.
#log#-----------------------------------------------------------------------
execfile("/Applications/CASA.app/Contents/Resources/python/assignmentFilter.py")
viewer()
help(imbpcor)
help(impbcor)
_ip.magic("pwd ")
execfile('SERPS_Gauss_Fit.py')
execfile('SERPS_Gauss_Fit.py')
outputfitsfile.close()
outputfilefits.close()
