#log# Automatic Logger file. *** THIS MUST BE THE FIRST LINE ***
#log# DO NOT CHANGE THIS LINE OR THE TWO BELOW -* coding: US-ASCII *-
#log# opts = Struct({'__allownew': True,
 'autocall': 2,
 'banner': 0,
 'colors': 'LightBG',
 'ipythondir': '/Users/nkern/.casa/ipython',
 'logfile': 'ipython-20141007-155839.log',
 'messages': 0,
 'prompt_in1': 'CASA <\\#>: '})
#log# args = []
#log# It is safe to make manual edits below here.
#log#-----------------------------------------------------------------------
execfile("/Applications/CASA.app/Contents/Resources/python/assignmentFilter.py")
execute
runscript
execfile()
execfile('SERPS_Gauss_Fit.py')
execfile('SERPS_Gauss_Fit.py')
execfile('SERPS_Gauss_Fit.py')
execfile('SERPS_Gauss_Fit.py')
execfile('SERPS_Gauss_Fit.py')
execfile('SERPS_Gauss_Fit.py')
execfile('SERPS_Gauss_Fit.py')
execfile('SERPS_Gauss_Fit.py')
execfile('SERPS_Gauss_Fit.py')
execfile('SERPS_Gauss_Fit.py')
regions
regions.shape
regions[0:21]
estimates
estimates
execfile('SERPS_Gauss_Fit.py')
execfile('SERPS_Gauss_Fit.py')
execfile('SERPS_Gauss_Fit.py')
execfile('SERPS_Gauss_Fit.py')
execfile('SERPS_Gauss_Fit.py')
imagename
rms
imfit()
execfile('SERPS_Gauss_Fit.py')
result
result['converged']
result['converged'][0]
result['converged'][0]
execfile('SERPS_Gauss_Fit.py')
result
imfit()
inp(taksname='imfit')
inp(taskname='imfit')
        weighting='natural',interactive=F,niter=100000)
execfile("SERPS_Gauss_Fit.py")
execfile("SERPS_Gauss_Fit.py")
regions
regions.shape
regions[0]
with open('SS_Targets_ICRS.txt') as fp:
    for line,i in zip(fp,range(22)):
        if i == 0:
            continue
        print line[0:-1]
        
fp
with open('SS_Targets_ICRS.txt') as fp:
    for line,i in zip(fp,range(22)):
        if i == 0:
            continue
        print line[0:-1]
        
with open('SS_Targets_ICRS.txt') as fp:
    for line in fp:
        if i == 0:
            continue
        print line[0:-1]
        
fp = open('SS_Targets_ICRS.txt','r')
for line in fp:
    print line
    
_ip.magic("pwd ")
execfile("SERPS_Gauss_Fit.py")
execfile("SERPS_Gauss_Fit.py")
execfile("SERPS_Gauss_Fit.py")
execfile("SERPS_Gauss_Fit.py")
execfile("SERPS_Gauss_Fit.py")
execfile("SERPS_Gauss_Fit.py")
execfile("SERPS_Gauss_Fit.py")
execfile("SERPS_Gauss_Fit.py")
execfile("SERPS_Gauss_Fit.py")
execfile("SERPS_Gauss_Fit.py")
result
print result
print result
execfile("SERPS_Gauss_Fit.py")
execfile("SERPS_Gauss_Fit.py")
execfile("SERPS_Gauss_Fit.py")
execfile("SERPS_Gauss_Fit.py")
execfile("SERPS_Gauss_Fit.py")
result
imfit()
imfit()
inp(taskname='imfit')
inp(taskname='imfit')
execfile("SERPS_Gauss_Fit.py")
i
execfile("SERPS_Gauss_Fit.py")
region
execfile("SERPS_Gauss_Fit.py")
execfile("SERPS_Gauss_Fit.py")
region
regions
region
find()
region
region.find()
region.find('arcsec')
region[41]
region.find('arcsec')
region[39]
region
region[39:41]
region[39:41]='34'
region[39,40]='34'
region[39,40]
region[39;40]
region[39:40]
region[39:40]=3
region[39]=3
region.replace()
region.replace('20arcsec','45arcsec')
region
execfile("SERPS_Gauss_Fit.py")
execfile("SERPS_Gauss_Fit.py")
execfile("SERPS_Gauss_Fit.py")
execfile("SERPS_Gauss_Fit.py")
execfile("SERPS_Gauss_Fit.py")
execfile("SERPS_Gauss_Fit.py")
execfile("SERPS_Gauss_Fit.py")
execfile("SERPS_Gauss_Fit.py")
execfile("SERPS_Gauss_Fit.py")
region
regions
regions[4]
execfile("SERPS_Gauss_Fit.py")
execfile("SERPS_Gauss_Fit.py")
execfile("SERPS_Gauss_Fit.py")
execfile("SERPS_Gauss_Fit.py")
region
region_size
region_size = float(region[39:42])
region_size
region
execfile("SERPS_Gauss_Fit.py")
region_size
region
region_size = float(region[39:42])
region_size
new_size
new_size = region_size - .25
new_size
region = region.replace(str(region_size)+'arcsec',str(new_size)+'arcsec')
region
execfile("SERPS_Gauss_Fit.py")
